[2024-08-27 19:17:48,935: INFO: common: yaml file: config\config.yaml loaded successfully]
[2024-08-27 19:17:48,956: INFO: common: yaml file: params.yaml loaded successfully]
[2024-08-27 19:21:00,416: INFO: common: yaml file: config\config.yaml loaded successfully]
[2024-08-27 19:21:00,432: INFO: common: yaml file: params.yaml loaded successfully]
[2024-08-27 19:21:00,436: INFO: common: created directory at: artifacts]
[2024-08-27 19:21:00,442: INFO: common: created directory at: artifacts/data_ingestion]
[2024-08-27 19:22:49,368: INFO: common: yaml file: config\config.yaml loaded successfully]
[2024-08-27 19:22:49,375: INFO: common: yaml file: params.yaml loaded successfully]
[2024-08-27 19:22:49,377: INFO: common: created directory at: artifacts]
[2024-08-27 19:22:49,380: INFO: common: created directory at: artifacts/data_ingestion]
[2024-08-27 19:23:26,547: INFO: common: yaml file: config\config.yaml loaded successfully]
[2024-08-27 19:23:26,551: INFO: common: yaml file: params.yaml loaded successfully]
[2024-08-27 19:23:26,554: INFO: common: created directory at: artifacts]
[2024-08-27 19:23:26,560: INFO: common: created directory at: artifacts/data_ingestion]
[2024-08-27 19:23:50,884: INFO: common: yaml file: config\config.yaml loaded successfully]
[2024-08-27 19:23:50,886: INFO: common: yaml file: params.yaml loaded successfully]
[2024-08-27 19:23:50,894: INFO: common: created directory at: artifacts]
[2024-08-27 19:23:50,898: INFO: common: created directory at: artifacts/data_ingestion]
[2024-08-27 19:23:50,903: INFO: 3421402069: Downloading data from https://drive.google.com/file/d/1KyZAeUPvff1WmmRX_IfhRGkY5Ra1uSlW/view?usp=sharing into file artifacts/data_ingestion/data.zip]
[2024-08-27 19:24:13,047: INFO: 3421402069: Downloaded data from https://drive.google.com/file/d/1KyZAeUPvff1WmmRX_IfhRGkY5Ra1uSlW/view?usp=sharing into file artifacts/data_ingestion/data.zip]
[2024-08-27 19:24:57,228: INFO: common: yaml file: config\config.yaml loaded successfully]
[2024-08-27 19:24:57,232: INFO: common: yaml file: params.yaml loaded successfully]
[2024-08-27 19:24:57,234: INFO: common: created directory at: artifacts]
[2024-08-27 19:24:57,234: INFO: common: created directory at: artifacts/data_ingestion]
[2024-08-27 19:24:57,244: INFO: 1274832551: Downloading data from https://drive.google.com/file/d/1KyZAeUPvff1WmmRX_IfhRGkY5Ra1uSlW/view?usp=sharing into file artifacts/data_ingestion/data.zip]
[2024-08-27 19:25:18,896: INFO: 1274832551: Downloaded data from https://drive.google.com/file/d/1KyZAeUPvff1WmmRX_IfhRGkY5Ra1uSlW/view?usp=sharing into file artifacts/data_ingestion/data.zip]
[2024-08-27 19:25:48,744: INFO: common: yaml file: config\config.yaml loaded successfully]
[2024-08-27 19:25:48,746: INFO: common: yaml file: params.yaml loaded successfully]
[2024-08-27 19:25:48,753: INFO: common: created directory at: artifacts]
[2024-08-27 19:25:48,758: INFO: common: created directory at: artifacts/data_ingestion]
[2024-08-27 19:25:48,760: INFO: 2166426223: Downloading data from https://drive.google.com/file/d/1KyZAeUPvff1WmmRX_IfhRGkY5Ra1uSlW/view?usp=sharing into file artifacts/data_ingestion/data.zip]
[2024-08-27 19:26:10,840: INFO: 2166426223: Downloaded data from https://drive.google.com/file/d/1KyZAeUPvff1WmmRX_IfhRGkY5Ra1uSlW/view?usp=sharing into file artifacts/data_ingestion/data.zip]
[2024-08-28 01:37:45,604: INFO: common: yaml file: ..\config\config.yaml loaded successfully]
[2024-08-28 01:38:14,585: INFO: common: yaml file: ..\config\config.yaml loaded successfully]
[2024-08-28 01:38:26,985: INFO: common: yaml file: ..\config\config.yaml loaded successfully]
[2024-08-28 01:39:17,983: INFO: common: yaml file: ..\config\config.yaml loaded successfully]
[2024-08-28 01:39:47,113: INFO: common: yaml file: ..\config\config.yaml loaded successfully]
[2024-08-28 01:39:47,128: INFO: common: yaml file: ..\params.yaml loaded successfully]
[2024-08-28 01:39:47,131: INFO: common: created directory at: artifacts]
[2024-08-28 01:39:47,135: INFO: common: created directory at: artifacts/prepare_base_model]
[2024-08-28 01:40:22,347: INFO: common: yaml file: ..\config\config.yaml loaded successfully]
[2024-08-28 01:40:22,352: INFO: common: yaml file: ..\params.yaml loaded successfully]
[2024-08-28 01:40:22,353: INFO: common: created directory at: artifacts]
[2024-08-28 01:40:22,361: INFO: common: created directory at: artifacts/prepare_base_model]
[2024-08-28 01:42:27,703: WARNING: saving_api: You are saving your model as an HDF5 file via `model.save()` or `keras.saving.save_model(model)`. This file format is considered legacy. We recommend using instead the native Keras format, e.g. `model.save('my_model.keras')` or `keras.saving.save_model(model, 'my_model.keras')`. ]
[2024-08-28 01:46:53,494: INFO: common: yaml file: ..\config\config.yaml loaded successfully]
[2024-08-28 01:46:53,500: INFO: common: yaml file: ..\params.yaml loaded successfully]
[2024-08-28 01:46:53,504: INFO: common: created directory at: artifacts]
[2024-08-28 01:46:53,507: INFO: common: created directory at: artifacts/prepare_base_model]
[2024-08-28 01:46:54,705: WARNING: saving_api: You are saving your model as an HDF5 file via `model.save()` or `keras.saving.save_model(model)`. This file format is considered legacy. We recommend using instead the native Keras format, e.g. `model.save('my_model.keras')` or `keras.saving.save_model(model, 'my_model.keras')`. ]
[2024-08-28 01:50:16,926: INFO: common: yaml file: ..\config\config.yaml loaded successfully]
[2024-08-28 01:50:16,929: INFO: common: yaml file: ..\params.yaml loaded successfully]
[2024-08-28 01:50:16,943: INFO: common: created directory at: artifacts]
[2024-08-28 01:50:16,947: INFO: common: created directory at: artifacts/prepare_base_model]
[2024-08-28 01:50:17,932: WARNING: saving_api: You are saving your model as an HDF5 file via `model.save()` or `keras.saving.save_model(model)`. This file format is considered legacy. We recommend using instead the native Keras format, e.g. `model.save('my_model.keras')` or `keras.saving.save_model(model, 'my_model.keras')`. ]
[2024-08-28 01:52:42,951: INFO: common: yaml file: ..\config\config.yaml loaded successfully]
[2024-08-28 01:52:42,959: INFO: common: yaml file: ..\params.yaml loaded successfully]
[2024-08-28 01:52:42,965: INFO: common: created directory at: artifacts]
[2024-08-28 01:52:42,969: INFO: common: created directory at: artifacts/prepare_base_model]
[2024-08-28 01:52:44,002: WARNING: saving_api: You are saving your model as an HDF5 file via `model.save()` or `keras.saving.save_model(model)`. This file format is considered legacy. We recommend using instead the native Keras format, e.g. `model.save('my_model.keras')` or `keras.saving.save_model(model, 'my_model.keras')`. ]
[2024-08-28 01:54:35,261: INFO: common: yaml file: ..\config\config.yaml loaded successfully]
[2024-08-28 01:54:35,272: INFO: common: yaml file: ..\params.yaml loaded successfully]
[2024-08-28 01:54:35,275: INFO: common: created directory at: artifacts]
[2024-08-28 01:54:35,281: INFO: common: created directory at: artifacts/prepare_base_model]
[2024-08-28 01:54:57,075: INFO: common: yaml file: ..\config\config.yaml loaded successfully]
[2024-08-28 01:54:57,083: INFO: common: yaml file: ..\params.yaml loaded successfully]
[2024-08-28 01:54:57,087: INFO: common: created directory at: artifacts]
[2024-08-28 01:54:57,091: INFO: common: created directory at: artifacts/prepare_base_model]
[2024-08-28 01:55:32,964: INFO: common: yaml file: ..\config\config.yaml loaded successfully]
[2024-08-28 01:55:32,976: INFO: common: yaml file: ..\params.yaml loaded successfully]
[2024-08-28 01:55:32,976: INFO: common: created directory at: artifacts]
[2024-08-28 01:55:32,984: INFO: common: created directory at: artifacts/prepare_base_model]
[2024-08-28 01:58:24,003: INFO: common: yaml file: ..\config\config.yaml loaded successfully]
[2024-08-28 01:58:24,007: INFO: common: yaml file: ..\params.yaml loaded successfully]
[2024-08-28 01:58:24,014: INFO: common: created directory at: artifacts]
[2024-08-28 01:58:24,021: INFO: common: created directory at: artifacts/prepare_base_model]
[2024-08-28 01:58:24,932: WARNING: saving_api: You are saving your model as an HDF5 file via `model.save()` or `keras.saving.save_model(model)`. This file format is considered legacy. We recommend using instead the native Keras format, e.g. `model.save('my_model.keras')` or `keras.saving.save_model(model, 'my_model.keras')`. ]
[2024-08-28 01:58:25,648: WARNING: saving_api: You are saving your model as an HDF5 file via `model.save()` or `keras.saving.save_model(model)`. This file format is considered legacy. We recommend using instead the native Keras format, e.g. `model.save('my_model.keras')` or `keras.saving.save_model(model, 'my_model.keras')`. ]
